<?xml version="1.0" encoding="UTF-8"?>
<!-- Generated by org.testng.reporters.JUnitXMLReporter -->
<testsuite hostname="BJ2544.local" name="testngReportHtml" tests="5" failures="3" timestamp="2 Nov 2018 10:09:15 GMT" time="0.047" errors="0">
  <testcase name="@BeforeMethod beforeMethod" time="0.0" classname="com.miao.TestDemo">
    <failure type="java.lang.ArithmeticException" message="/ by zero">
      <![CDATA[java.lang.ArithmeticException: / by zero
	at com.miao.TestDemo.beforeMethod(TestDemo.java:25)
... Removed 25 stack frames]]>
    </failure>
  </testcase> <!-- @BeforeMethod beforeMethod -->
  <testcase name="testDemo" time="0.001" classname="com.miao.TestDemo">
    <failure type="java.lang.ArithmeticException" message="/ by zero">
      <![CDATA[java.lang.ArithmeticException: / by zero
	at com.miao.TestDemo.testDemo(TestDemo.java:33)
... Removed 23 stack frames]]>
    </failure>
  </testcase> <!-- testDemo -->
  <testcase name="testDemo1" time="0.003" classname="com.miao.TestDemo">
    <failure type="java.lang.AssertionError" message="should be equals. expected [b] but found [a]">
      <![CDATA[java.lang.AssertionError: should be equals. expected [b] but found [a]
	at com.miao.TestDemo.testDemo1(TestDemo.java:41)
... Removed 27 stack frames]]>
    </failure>
  </testcase> <!-- testDemo1 -->
  <testcase name="testDemo2" time="0.0" classname="com.miao.TestDemo"/>
  <testcase name="testDemo2" time="0.0" classname="com.miao.TestDemo">
    <failure type="java.lang.AssertionError" message="should be equals. expected [1] but found [2]">
      <![CDATA[java.lang.AssertionError: should be equals. expected [1] but found [2]
	at com.miao.TestDemo.testDemo2(TestDemo.java:47)
... Removed 27 stack frames]]>
    </failure>
  </testcase> <!-- testDemo2 -->
  <testcase name="testDemo3" time="0.0" classname="com.miao.TestDemo">
    <skipped/>
  </testcase> <!-- testDemo3 -->
</testsuite> <!-- testngReportHtml -->
